{"meta": {"format": 3, "version": "7.11.0", "timestamp": "2025-11-05T14:31:43.077631", "branch_coverage": false, "show_contexts": false}, "files": {"app/__init__.py": {"executed_lines": [0], "summary": {"covered_lines": 0, "num_statements": 0, "percent_covered": 100.0, "percent_covered_display": "100.00", "missing_lines": 0, "excluded_lines": 0}, "missing_lines": [], "excluded_lines": [], "functions": {"": {"executed_lines": [], "summary": {"covered_lines": 0, "num_statements": 0, "percent_covered": 100.0, "percent_covered_display": "100.00", "missing_lines": 0, "excluded_lines": 0}, "missing_lines": [], "excluded_lines": []}}, "classes": {"": {"executed_lines": [], "summary": {"covered_lines": 0, "num_statements": 0, "percent_covered": 100.0, "percent_covered_display": "100.00", "missing_lines": 0, "excluded_lines": 0}, "missing_lines": [], "excluded_lines": []}}}, "app/admin.py": {"executed_lines": [1, 3, 5, 6, 7, 8, 9, 10, 11, 13, 14, 15, 16, 19, 20, 27, 33, 93, 94, 96, 97, 98, 99, 100, 101, 102, 105, 121, 122, 124, 135, 136, 137, 138, 139, 140, 143, 164, 165, 167, 180, 186, 190, 195, 197, 205, 206, 209, 211], "summary": {"covered_lines": 44, "num_statements": 62, "percent_covered": 70.96774193548387, "percent_covered_display": "70.97", "missing_lines": 18, "excluded_lines": 0}, "missing_lines": [29, 35, 47, 87, 88, 90, 175, 176, 177, 178, 181, 182, 183, 184, 187, 188, 191, 192], "excluded_lines": [], "functions": {"MarkdownField.additional_css_links": {"executed_lines": [], "summary": {"covered_lines": 0, "num_statements": 1, "percent_covered": 0.0, "percent_covered_display": "0.00", "missing_lines": 1, "excluded_lines": 0}, "missing_lines": [29], "excluded_lines": []}, "MarkdownField.additional_js_links": {"executed_lines": [], "summary": {"covered_lines": 0, "num_statements": 5, "percent_covered": 0.0, "percent_covered_display": "0.00", "missing_lines": 5, "excluded_lines": 0}, "missing_lines": [35, 47, 87, 88, 90], "excluded_lines": []}, "UsernamePasswordProvider.login": {"executed_lines": [], "summary": {"covered_lines": 0, "num_statements": 4, "percent_covered": 0.0, "percent_covered_display": "0.00", "missing_lines": 4, "excluded_lines": 0}, "missing_lines": [175, 176, 177, 178], "excluded_lines": []}, "UsernamePasswordProvider.is_authenticated": {"executed_lines": [], "summary": {"covered_lines": 0, "num_statements": 4, "percent_covered": 0.0, "percent_covered_display": "0.00", "missing_lines": 4, "excluded_lines": 0}, "missing_lines": [181, 182, 183, 184], "excluded_lines": []}, "UsernamePasswordProvider.get_admin_user": {"executed_lines": [], "summary": {"covered_lines": 0, "num_statements": 2, "percent_covered": 0.0, "percent_covered_display": "0.00", "missing_lines": 2, "excluded_lines": 0}, "missing_lines": [187, 188], "excluded_lines": []}, "UsernamePasswordProvider.logout": {"executed_lines": [], "summary": {"covered_lines": 0, "num_statements": 2, "percent_covered": 0.0, "percent_covered_display": "0.00", "missing_lines": 2, "excluded_lines": 0}, "missing_lines": [191, 192], "excluded_lines": []}, "create_admin": {"executed_lines": [197, 205, 206, 209, 211], "summary": {"covered_lines": 5, "num_statements": 5, "percent_covered": 100.0, "percent_covered_display": "100.00", "missing_lines": 0, "excluded_lines": 0}, "missing_lines": [], "excluded_lines": []}, "": {"executed_lines": [1, 3, 5, 6, 7, 8, 9, 10, 11, 13, 14, 15, 16, 19, 20, 27, 33, 93, 94, 96, 97, 98, 99, 100, 101, 102, 105, 121, 122, 124, 135, 136, 137, 138, 139, 140, 143, 164, 165, 167, 180, 186, 190, 195], "summary": {"covered_lines": 39, "num_statements": 39, "percent_covered": 100.0, "percent_covered_display": "100.00", "missing_lines": 0, "excluded_lines": 0}, "missing_lines": [], "excluded_lines": []}}, "classes": {"MarkdownField": {"executed_lines": [], "summary": {"covered_lines": 0, "num_statements": 6, "percent_covered": 0.0, "percent_covered_display": "0.00", "missing_lines": 6, "excluded_lines": 0}, "missing_lines": [29, 35, 47, 87, 88, 90], "excluded_lines": []}, "RuleSetAdmin": {"executed_lines": [], "summary": {"covered_lines": 0, "num_statements": 0, "percent_covered": 100.0, "percent_covered_display": "100.00", "missing_lines": 0, "excluded_lines": 0}, "missing_lines": [], "excluded_lines": []}, "RuleAdmin": {"executed_lines": [], "summary": {"covered_lines": 0, "num_statements": 0, "percent_covered": 100.0, "percent_covered_display": "100.00", "missing_lines": 0, "excluded_lines": 0}, "missing_lines": [], "excluded_lines": []}, "UsernamePasswordProvider": {"executed_lines": [], "summary": {"covered_lines": 0, "num_statements": 12, "percent_covered": 0.0, "percent_covered_display": "0.00", "missing_lines": 12, "excluded_lines": 0}, "missing_lines": [175, 176, 177, 178, 181, 182, 183, 184, 187, 188, 191, 192], "excluded_lines": []}, "": {"executed_lines": [1, 3, 5, 6, 7, 8, 9, 10, 11, 13, 14, 15, 16, 19, 20, 27, 33, 93, 94, 96, 97, 98, 99, 100, 101, 102, 105, 121, 122, 124, 135, 136, 137, 138, 139, 140, 143, 164, 165, 167, 180, 186, 190, 195, 197, 205, 206, 209, 211], "summary": {"covered_lines": 44, "num_statements": 44, "percent_covered": 100.0, "percent_covered_display": "100.00", "missing_lines": 0, "excluded_lines": 0}, "missing_lines": [], "excluded_lines": []}}}, "app/config.py": {"executed_lines": [1, 2, 5, 6, 7, 8, 9, 10, 11, 12, 13, 14, 16, 17, 18, 20, 22, 24, 25, 26, 28, 29, 31, 33, 34, 35, 37, 38, 39, 41, 44, 47], "summary": {"covered_lines": 32, "num_statements": 36, "percent_covered": 88.88888888888889, "percent_covered_display": "88.89", "missing_lines": 4, "excluded_lines": 0}, "missing_lines": [21, 30, 40, 52], "excluded_lines": [], "functions": {"Settings.convert_to_async_url": {"executed_lines": [20, 22], "summary": {"covered_lines": 2, "num_statements": 3, "percent_covered": 66.66666666666667, "percent_covered_display": "66.67", "missing_lines": 1, "excluded_lines": 0}, "missing_lines": [21], "excluded_lines": []}, "Settings.validate_environment": {"executed_lines": [28, 29, 31], "summary": {"covered_lines": 3, "num_statements": 4, "percent_covered": 75.0, "percent_covered_display": "75.00", "missing_lines": 1, "excluded_lines": 0}, "missing_lines": [30], "excluded_lines": []}, "Settings.validate_log_level": {"executed_lines": [37, 38, 39, 41], "summary": {"covered_lines": 4, "num_statements": 5, "percent_covered": 80.0, "percent_covered_display": "80.00", "missing_lines": 1, "excluded_lines": 0}, "missing_lines": [40], "excluded_lines": []}, "get_settings": {"executed_lines": [], "summary": {"covered_lines": 0, "num_statements": 1, "percent_covered": 0.0, "percent_covered_display": "0.00", "missing_lines": 1, "excluded_lines": 0}, "missing_lines": [52], "excluded_lines": []}, "": {"executed_lines": [1, 2, 5, 6, 7, 8, 9, 10, 11, 12, 13, 14, 16, 17, 18, 24, 25, 26, 33, 34, 35, 44, 47], "summary": {"covered_lines": 23, "num_statements": 23, "percent_covered": 100.0, "percent_covered_display": "100.00", "missing_lines": 0, "excluded_lines": 0}, "missing_lines": [], "excluded_lines": []}}, "classes": {"Settings": {"executed_lines": [20, 22, 28, 29, 31, 37, 38, 39, 41], "summary": {"covered_lines": 9, "num_statements": 12, "percent_covered": 75.0, "percent_covered_display": "75.00", "missing_lines": 3, "excluded_lines": 0}, "missing_lines": [21, 30, 40], "excluded_lines": []}, "": {"executed_lines": [1, 2, 5, 6, 7, 8, 9, 10, 11, 12, 13, 14, 16, 17, 18, 24, 25, 26, 33, 34, 35, 44, 47], "summary": {"covered_lines": 23, "num_statements": 24, "percent_covered": 95.83333333333333, "percent_covered_display": "95.83", "missing_lines": 1, "excluded_lines": 0}, "missing_lines": [52], "excluded_lines": []}}}, "app/db.py": {"executed_lines": [1, 3, 4, 6, 9, 18, 26, 34], "summary": {"covered_lines": 8, "num_statements": 15, "percent_covered": 53.333333333333336, "percent_covered_display": "53.33", "missing_lines": 7, "excluded_lines": 0}, "missing_lines": [41, 42, 43, 44, 45, 46, 47], "excluded_lines": [], "functions": {"get_db": {"executed_lines": [], "summary": {"covered_lines": 0, "num_statements": 7, "percent_covered": 0.0, "percent_covered_display": "0.00", "missing_lines": 7, "excluded_lines": 0}, "missing_lines": [41, 42, 43, 44, 45, 46, 47], "excluded_lines": []}, "": {"executed_lines": [1, 3, 4, 6, 9, 18, 26, 34], "summary": {"covered_lines": 8, "num_statements": 8, "percent_covered": 100.0, "percent_covered_display": "100.00", "missing_lines": 0, "excluded_lines": 0}, "missing_lines": [], "excluded_lines": []}}, "classes": {"": {"executed_lines": [1, 3, 4, 6, 9, 18, 26, 34], "summary": {"covered_lines": 8, "num_statements": 15, "percent_covered": 53.333333333333336, "percent_covered_display": "53.33", "missing_lines": 7, "excluded_lines": 0}, "missing_lines": [41, 42, 43, 44, 45, 46, 47], "excluded_lines": []}}}, "app/dependencies/__init__.py": {"executed_lines": [1, 7, 9, 10, 12, 13, 16, 19], "summary": {"covered_lines": 7, "num_statements": 7, "percent_covered": 100.0, "percent_covered_display": "100.00", "missing_lines": 0, "excluded_lines": 0}, "missing_lines": [], "excluded_lines": [], "functions": {"": {"executed_lines": [1, 7, 9, 10, 12, 13, 16, 19], "summary": {"covered_lines": 7, "num_statements": 7, "percent_covered": 100.0, "percent_covered_display": "100.00", "missing_lines": 0, "excluded_lines": 0}, "missing_lines": [], "excluded_lines": []}}, "classes": {"": {"executed_lines": [1, 7, 9, 10, 12, 13, 16, 19], "summary": {"covered_lines": 7, "num_statements": 7, "percent_covered": 100.0, "percent_covered_display": "100.00", "missing_lines": 0, "excluded_lines": 0}, "missing_lines": [], "excluded_lines": []}}}, "app/dependencies/auth.py": {"executed_lines": [1, 3, 4, 6, 8, 9, 12, 23], "summary": {"covered_lines": 8, "num_statements": 19, "percent_covered": 42.10526315789474, "percent_covered_display": "42.11", "missing_lines": 11, "excluded_lines": 0}, "missing_lines": [14, 15, 16, 18, 19, 20, 29, 30, 32, 33, 38], "excluded_lines": [], "functions": {"verify_api_key": {"executed_lines": [], "summary": {"covered_lines": 0, "num_statements": 6, "percent_covered": 0.0, "percent_covered_display": "0.00", "missing_lines": 6, "excluded_lines": 0}, "missing_lines": [14, 15, 16, 18, 19, 20], "excluded_lines": []}, "verify_admin_credentials": {"executed_lines": [], "summary": {"covered_lines": 0, "num_statements": 5, "percent_covered": 0.0, "percent_covered_display": "0.00", "missing_lines": 5, "excluded_lines": 0}, "missing_lines": [29, 30, 32, 33, 38], "excluded_lines": []}, "": {"executed_lines": [1, 3, 4, 6, 8, 9, 12, 23], "summary": {"covered_lines": 8, "num_statements": 8, "percent_covered": 100.0, "percent_covered_display": "100.00", "missing_lines": 0, "excluded_lines": 0}, "missing_lines": [], "excluded_lines": []}}, "classes": {"": {"executed_lines": [1, 3, 4, 6, 8, 9, 12, 23], "summary": {"covered_lines": 8, "num_statements": 19, "percent_covered": 42.10526315789474, "percent_covered_display": "42.11", "missing_lines": 11, "excluded_lines": 0}, "missing_lines": [14, 15, 16, 18, 19, 20, 29, 30, 32, 33, 38], "excluded_lines": []}}}, "app/dependencies/i18n.py": {"executed_lines": [1, 5, 7, 10, 27, 31, 32, 36, 39, 50, 51], "summary": {"covered_lines": 10, "num_statements": 12, "percent_covered": 83.33333333333333, "percent_covered_display": "83.33", "missing_lines": 2, "excluded_lines": 0}, "missing_lines": [28, 33], "excluded_lines": [], "functions": {"get_language": {"executed_lines": [27, 31, 32, 36], "summary": {"covered_lines": 4, "num_statements": 6, "percent_covered": 66.66666666666667, "percent_covered_display": "66.67", "missing_lines": 2, "excluded_lines": 0}, "missing_lines": [28, 33], "excluded_lines": []}, "get_translations": {"executed_lines": [50, 51], "summary": {"covered_lines": 2, "num_statements": 2, "percent_covered": 100.0, "percent_covered_display": "100.00", "missing_lines": 0, "excluded_lines": 0}, "missing_lines": [], "excluded_lines": []}, "": {"executed_lines": [1, 5, 7, 10, 39], "summary": {"covered_lines": 4, "num_statements": 4, "percent_covered": 100.0, "percent_covered_display": "100.00", "missing_lines": 0, "excluded_lines": 0}, "missing_lines": [], "excluded_lines": []}}, "classes": {"": {"executed_lines": [1, 5, 7, 10, 27, 31, 32, 36, 39, 50, 51], "summary": {"covered_lines": 10, "num_statements": 12, "percent_covered": 83.33333333333333, "percent_covered_display": "83.33", "missing_lines": 2, "excluded_lines": 0}, "missing_lines": [28, 33], "excluded_lines": []}}}, "app/i18n.py": {"executed_lines": [1, 7, 100, 114, 124], "summary": {"covered_lines": 4, "num_statements": 5, "percent_covered": 80.0, "percent_covered_display": "80.00", "missing_lines": 1, "excluded_lines": 0}, "missing_lines": [111], "excluded_lines": [], "functions": {"get_translation": {"executed_lines": [], "summary": {"covered_lines": 0, "num_statements": 1, "percent_covered": 0.0, "percent_covered_display": "0.00", "missing_lines": 1, "excluded_lines": 0}, "missing_lines": [111], "excluded_lines": []}, "get_translations_for_lang": {"executed_lines": [124], "summary": {"covered_lines": 1, "num_statements": 1, "percent_covered": 100.0, "percent_covered_display": "100.00", "missing_lines": 0, "excluded_lines": 0}, "missing_lines": [], "excluded_lines": []}, "": {"executed_lines": [1, 7, 100, 114], "summary": {"covered_lines": 3, "num_statements": 3, "percent_covered": 100.0, "percent_covered_display": "100.00", "missing_lines": 0, "excluded_lines": 0}, "missing_lines": [], "excluded_lines": []}}, "classes": {"": {"executed_lines": [1, 7, 100, 114, 124], "summary": {"covered_lines": 4, "num_statements": 5, "percent_covered": 80.0, "percent_covered_display": "80.00", "missing_lines": 1, "excluded_lines": 0}, "missing_lines": [111], "excluded_lines": []}}}, "app/logging_config.py": {"executed_lines": [1, 11, 12, 13, 15, 16, 19, 31, 34, 41, 42, 45, 55, 64, 71, 80, 94, 97, 112, 113, 116, 118], "summary": {"covered_lines": 21, "num_statements": 22, "percent_covered": 95.45454545454545, "percent_covered_display": "95.45", "missing_lines": 1, "excluded_lines": 0}, "missing_lines": [57], "excluded_lines": [], "functions": {"setup_logging": {"executed_lines": [31, 34, 41, 42, 45, 55, 64, 71], "summary": {"covered_lines": 8, "num_statements": 9, "percent_covered": 88.88888888888889, "percent_covered_display": "88.89", "missing_lines": 1, "excluded_lines": 0}, "missing_lines": [57], "excluded_lines": []}, "get_logger": {"executed_lines": [94], "summary": {"covered_lines": 1, "num_statements": 1, "percent_covered": 100.0, "percent_covered_display": "100.00", "missing_lines": 0, "excluded_lines": 0}, "missing_lines": [], "excluded_lines": []}, "add_request_context": {"executed_lines": [112, 113], "summary": {"covered_lines": 2, "num_statements": 2, "percent_covered": 100.0, "percent_covered_display": "100.00", "missing_lines": 0, "excluded_lines": 0}, "missing_lines": [], "excluded_lines": []}, "clear_request_context": {"executed_lines": [118], "summary": {"covered_lines": 1, "num_statements": 1, "percent_covered": 100.0, "percent_covered_display": "100.00", "missing_lines": 0, "excluded_lines": 0}, "missing_lines": [], "excluded_lines": []}, "": {"executed_lines": [1, 11, 12, 13, 15, 16, 19, 80, 97, 116], "summary": {"covered_lines": 9, "num_statements": 9, "percent_covered": 100.0, "percent_covered_display": "100.00", "missing_lines": 0, "excluded_lines": 0}, "missing_lines": [], "excluded_lines": []}}, "classes": {"": {"executed_lines": [1, 11, 12, 13, 15, 16, 19, 31, 34, 41, 42, 45, 55, 64, 71, 80, 94, 97, 112, 113, 116, 118], "summary": {"covered_lines": 21, "num_statements": 22, "percent_covered": 95.45454545454545, "percent_covered_display": "95.45", "missing_lines": 1, "excluded_lines": 0}, "missing_lines": [57], "excluded_lines": []}}}, "app/main.py": {"executed_lines": [1, 2, 3, 4, 6, 7, 8, 9, 11, 12, 13, 14, 15, 16, 17, 18, 19, 22, 23, 25, 49, 50, 53, 59, 61, 62, 63, 66, 73, 74, 78, 79, 81, 84, 87, 88, 89, 91, 93, 94, 95, 98, 99, 102, 105, 113, 114, 116, 118, 121, 124, 131, 133, 149, 153, 154, 155, 158, 159, 165, 166, 168, 169, 171, 172, 174], "summary": {"covered_lines": 66, "num_statements": 72, "percent_covered": 91.66666666666667, "percent_covered_display": "91.67", "missing_lines": 6, "excluded_lines": 0}, "missing_lines": [82, 83, 135, 137, 138, 145], "excluded_lines": [], "functions": {"lifespan": {"executed_lines": [53, 59, 61, 62, 63], "summary": {"covered_lines": 5, "num_statements": 5, "percent_covered": 100.0, "percent_covered_display": "100.00", "missing_lines": 0, "excluded_lines": 0}, "missing_lines": [], "excluded_lines": []}, "force_https_scheme": {"executed_lines": [81, 84], "summary": {"covered_lines": 2, "num_statements": 4, "percent_covered": 50.0, "percent_covered_display": "50.00", "missing_lines": 2, "excluded_lines": 0}, "missing_lines": [82, 83], "excluded_lines": []}, "add_cache_headers": {"executed_lines": [89, 91, 93, 94, 95], "summary": {"covered_lines": 5, "num_statements": 5, "percent_covered": 100.0, "percent_covered_display": "100.00", "missing_lines": 0, "excluded_lines": 0}, "missing_lines": [], "excluded_lines": []}, "log_requests": {"executed_lines": [102, 105, 113, 114, 116, 118, 121, 124, 131, 133, 149], "summary": {"covered_lines": 11, "num_statements": 15, "percent_covered": 73.33333333333333, "percent_covered_display": "73.33", "missing_lines": 4, "excluded_lines": 0}, "missing_lines": [135, 137, 138, 145], "excluded_lines": []}, "": {"executed_lines": [1, 2, 3, 4, 6, 7, 8, 9, 11, 12, 13, 14, 15, 16, 17, 18, 19, 22, 23, 25, 49, 50, 66, 73, 74, 78, 79, 87, 88, 98, 99, 153, 154, 155, 158, 159, 165, 166, 168, 169, 171, 172, 174], "summary": {"covered_lines": 43, "num_statements": 43, "percent_covered": 100.0, "percent_covered_display": "100.00", "missing_lines": 0, "excluded_lines": 0}, "missing_lines": [], "excluded_lines": []}}, "classes": {"": {"executed_lines": [1, 2, 3, 4, 6, 7, 8, 9, 11, 12, 13, 14, 15, 16, 17, 18, 19, 22, 23, 25, 49, 50, 53, 59, 61, 62, 63, 66, 73, 74, 78, 79, 81, 84, 87, 88, 89, 91, 93, 94, 95, 98, 99, 102, 105, 113, 114, 116, 118, 121, 124, 131, 133, 149, 153, 154, 155, 158, 159, 165, 166, 168, 169, 171, 172, 174], "summary": {"covered_lines": 66, "num_statements": 72, "percent_covered": 91.66666666666667, "percent_covered_display": "91.67", "missing_lines": 6, "excluded_lines": 0}, "missing_lines": [82, 83, 135, 137, 138, 145], "excluded_lines": []}}}, "app/models.py": {"executed_lines": [1, 2, 3, 4, 5, 7, 9, 12, 13, 14, 15, 16, 17, 18, 19, 22, 23, 26, 29, 32, 33, 36, 37, 40, 41, 42, 43, 46, 47, 59, 60, 61, 63, 64, 65, 66, 70, 71, 72, 73, 75, 77, 78, 81, 82, 85, 86, 87, 89, 90, 93, 94, 96, 98, 99, 100, 102, 104, 105, 106, 109, 110, 111, 112], "summary": {"covered_lines": 64, "num_statements": 69, "percent_covered": 92.7536231884058, "percent_covered_display": "92.75", "missing_lines": 5, "excluded_lines": 0}, "missing_lines": [49, 51, 52, 55, 56], "excluded_lines": [], "functions": {"slugify_ruleset_name": {"executed_lines": [42, 43], "summary": {"covered_lines": 2, "num_statements": 2, "percent_covered": 100.0, "percent_covered_display": "100.00", "missing_lines": 0, "excluded_lines": 0}, "missing_lines": [], "excluded_lines": []}, "sync_rules_is_official_on_ruleset_update": {"executed_lines": [], "summary": {"covered_lines": 0, "num_statements": 5, "percent_covered": 0.0, "percent_covered_display": "0.00", "missing_lines": 5, "excluded_lines": 0}, "missing_lines": [49, 51, 52, 55, 56], "excluded_lines": []}, "Rule.get_name": {"executed_lines": [98, 99, 100], "summary": {"covered_lines": 3, "num_statements": 3, "percent_covered": 100.0, "percent_covered_display": "100.00", "missing_lines": 0, "excluded_lines": 0}, "missing_lines": [], "excluded_lines": []}, "Rule.get_description": {"executed_lines": [104, 105, 106], "summary": {"covered_lines": 3, "num_statements": 3, "percent_covered": 100.0, "percent_covered_display": "100.00", "missing_lines": 0, "excluded_lines": 0}, "missing_lines": [], "excluded_lines": []}, "slugify_rule_name": {"executed_lines": [111, 112], "summary": {"covered_lines": 2, "num_statements": 2, "percent_covered": 100.0, "percent_covered_display": "100.00", "missing_lines": 0, "excluded_lines": 0}, "missing_lines": [], "excluded_lines": []}, "": {"executed_lines": [1, 2, 3, 4, 5, 7, 9, 12, 13, 14, 15, 16, 17, 18, 19, 22, 23, 26, 29, 32, 33, 36, 37, 40, 41, 46, 47, 59, 60, 61, 63, 64, 65, 66, 70, 71, 72, 73, 75, 77, 78, 81, 82, 85, 86, 87, 89, 90, 93, 94, 96, 102, 109, 110], "summary": {"covered_lines": 54, "num_statements": 54, "percent_covered": 100.0, "percent_covered_display": "100.00", "missing_lines": 0, "excluded_lines": 0}, "missing_lines": [], "excluded_lines": []}}, "classes": {"RuleSet": {"executed_lines": [], "summary": {"covered_lines": 0, "num_statements": 0, "percent_covered": 100.0, "percent_covered_display": "100.00", "missing_lines": 0, "excluded_lines": 0}, "missing_lines": [], "excluded_lines": []}, "Rule": {"executed_lines": [98, 99, 100, 104, 105, 106], "summary": {"covered_lines": 6, "num_statements": 6, "percent_covered": 100.0, "percent_covered_display": "100.00", "missing_lines": 0, "excluded_lines": 0}, "missing_lines": [], "excluded_lines": []}, "": {"executed_lines": [1, 2, 3, 4, 5, 7, 9, 12, 13, 14, 15, 16, 17, 18, 19, 22, 23, 26, 29, 32, 33, 36, 37, 40, 41, 42, 43, 46, 47, 59, 60, 61, 63, 64, 65, 66, 70, 71, 72, 73, 75, 77, 78, 81, 82, 85, 86, 87, 89, 90, 93, 94, 96, 102, 109, 110, 111, 112], "summary": {"covered_lines": 58, "num_statements": 63, "percent_covered": 92.06349206349206, "percent_covered_display": "92.06", "missing_lines": 5, "excluded_lines": 0}, "missing_lines": [49, 51, 52, 55, 56], "excluded_lines": []}}}, "app/routers/__init__.py": {"executed_lines": [0], "summary": {"covered_lines": 0, "num_statements": 0, "percent_covered": 100.0, "percent_covered_display": "100.00", "missing_lines": 0, "excluded_lines": 0}, "missing_lines": [], "excluded_lines": [], "functions": {"": {"executed_lines": [], "summary": {"covered_lines": 0, "num_statements": 0, "percent_covered": 100.0, "percent_covered_display": "100.00", "missing_lines": 0, "excluded_lines": 0}, "missing_lines": [], "excluded_lines": []}}, "classes": {"": {"executed_lines": [], "summary": {"covered_lines": 0, "num_statements": 0, "percent_covered": 100.0, "percent_covered_display": "100.00", "missing_lines": 0, "excluded_lines": 0}, "missing_lines": [], "excluded_lines": []}}}, "app/routers/api/__init__.py": {"executed_lines": [0], "summary": {"covered_lines": 0, "num_statements": 0, "percent_covered": 100.0, "percent_covered_display": "100.00", "missing_lines": 0, "excluded_lines": 0}, "missing_lines": [], "excluded_lines": [], "functions": {"": {"executed_lines": [], "summary": {"covered_lines": 0, "num_statements": 0, "percent_covered": 100.0, "percent_covered_display": "100.00", "missing_lines": 0, "excluded_lines": 0}, "missing_lines": [], "excluded_lines": []}}, "classes": {"": {"executed_lines": [], "summary": {"covered_lines": 0, "num_statements": 0, "percent_covered": 100.0, "percent_covered_display": "100.00", "missing_lines": 0, "excluded_lines": 0}, "missing_lines": [], "excluded_lines": []}}}, "app/routers/api/rules.py": {"executed_lines": [1, 2, 3, 5, 6, 7, 9, 12, 13, 38, 39, 70, 71, 80, 81, 109, 110, 147, 148], "summary": {"covered_lines": 19, "num_statements": 98, "percent_covered": 19.387755102040817, "percent_covered_display": "19.39", "missing_lines": 79, "excluded_lines": 0}, "missing_lines": [15, 16, 17, 18, 19, 22, 23, 24, 25, 26, 27, 29, 31, 32, 33, 34, 35, 52, 55, 56, 59, 60, 61, 63, 65, 66, 67, 72, 73, 74, 75, 76, 77, 83, 84, 85, 86, 87, 89, 91, 92, 93, 94, 95, 96, 98, 99, 102, 104, 105, 106, 115, 116, 117, 118, 119, 122, 124, 125, 128, 129, 130, 131, 132, 133, 136, 137, 140, 142, 143, 144, 149, 150, 151, 152, 153, 155, 156, 157], "excluded_lines": [], "functions": {"create_rule": {"executed_lines": [], "summary": {"covered_lines": 0, "num_statements": 17, "percent_covered": 0.0, "percent_covered_display": "0.00", "missing_lines": 17, "excluded_lines": 0}, "missing_lines": [15, 16, 17, 18, 19, 22, 23, 24, 25, 26, 27, 29, 31, 32, 33, 34, 35], "excluded_lines": []}, "list_rules": {"executed_lines": [], "summary": {"covered_lines": 0, "num_statements": 10, "percent_covered": 0.0, "percent_covered_display": "0.00", "missing_lines": 10, "excluded_lines": 0}, "missing_lines": [52, 55, 56, 59, 60, 61, 63, 65, 66, 67], "excluded_lines": []}, "get_rule": {"executed_lines": [], "summary": {"covered_lines": 0, "num_statements": 6, "percent_covered": 0.0, "percent_covered_display": "0.00", "missing_lines": 6, "excluded_lines": 0}, "missing_lines": [72, 73, 74, 75, 76, 77], "excluded_lines": []}, "update_rule": {"executed_lines": [], "summary": {"covered_lines": 0, "num_statements": 18, "percent_covered": 0.0, "percent_covered_display": "0.00", "missing_lines": 18, "excluded_lines": 0}, "missing_lines": [83, 84, 85, 86, 87, 89, 91, 92, 93, 94, 95, 96, 98, 99, 102, 104, 105, 106], "excluded_lines": []}, "partial_update_rule": {"executed_lines": [], "summary": {"covered_lines": 0, "num_statements": 20, "percent_covered": 0.0, "percent_covered_display": "0.00", "missing_lines": 20, "excluded_lines": 0}, "missing_lines": [115, 116, 117, 118, 119, 122, 124, 125, 128, 129, 130, 131, 132, 133, 136, 137, 140, 142, 143, 144], "excluded_lines": []}, "delete_rule": {"executed_lines": [], "summary": {"covered_lines": 0, "num_statements": 8, "percent_covered": 0.0, "percent_covered_display": "0.00", "missing_lines": 8, "excluded_lines": 0}, "missing_lines": [149, 150, 151, 152, 153, 155, 156, 157], "excluded_lines": []}, "": {"executed_lines": [1, 2, 3, 5, 6, 7, 9, 12, 13, 38, 39, 70, 71, 80, 81, 109, 110, 147, 148], "summary": {"covered_lines": 19, "num_statements": 19, "percent_covered": 100.0, "percent_covered_display": "100.00", "missing_lines": 0, "excluded_lines": 0}, "missing_lines": [], "excluded_lines": []}}, "classes": {"": {"executed_lines": [1, 2, 3, 5, 6, 7, 9, 12, 13, 38, 39, 70, 71, 80, 81, 109, 110, 147, 148], "summary": {"covered_lines": 19, "num_statements": 98, "percent_covered": 19.387755102040817, "percent_covered_display": "19.39", "missing_lines": 79, "excluded_lines": 0}, "missing_lines": [15, 16, 17, 18, 19, 22, 23, 24, 25, 26, 27, 29, 31, 32, 33, 34, 35, 52, 55, 56, 59, 60, 61, 63, 65, 66, 67, 72, 73, 74, 75, 76, 77, 83, 84, 85, 86, 87, 89, 91, 92, 93, 94, 95, 96, 98, 99, 102, 104, 105, 106, 115, 116, 117, 118, 119, 122, 124, 125, 128, 129, 130, 131, 132, 133, 136, 137, 140, 142, 143, 144, 149, 150, 151, 152, 153, 155, 156, 157], "excluded_lines": []}}}, "app/routers/api/rulesets.py": {"executed_lines": [1, 2, 4, 5, 6, 8, 11, 12, 27, 28, 34, 35, 44, 45, 73, 74], "summary": {"covered_lines": 16, "num_statements": 62, "percent_covered": 25.806451612903224, "percent_covered_display": "25.81", "missing_lines": 46, "excluded_lines": 0}, "missing_lines": [13, 14, 15, 16, 17, 18, 20, 21, 22, 23, 24, 29, 30, 31, 36, 37, 38, 39, 40, 41, 46, 47, 48, 49, 50, 52, 55, 56, 57, 58, 59, 60, 62, 63, 66, 68, 69, 70, 75, 76, 77, 78, 79, 81, 82, 83], "excluded_lines": [], "functions": {"create_ruleset": {"executed_lines": [], "summary": {"covered_lines": 0, "num_statements": 11, "percent_covered": 0.0, "percent_covered_display": "0.00", "missing_lines": 11, "excluded_lines": 0}, "missing_lines": [13, 14, 15, 16, 17, 18, 20, 21, 22, 23, 24], "excluded_lines": []}, "list_rulesets": {"executed_lines": [], "summary": {"covered_lines": 0, "num_statements": 3, "percent_covered": 0.0, "percent_covered_display": "0.00", "missing_lines": 3, "excluded_lines": 0}, "missing_lines": [29, 30, 31], "excluded_lines": []}, "get_ruleset": {"executed_lines": [], "summary": {"covered_lines": 0, "num_statements": 6, "percent_covered": 0.0, "percent_covered_display": "0.00", "missing_lines": 6, "excluded_lines": 0}, "missing_lines": [36, 37, 38, 39, 40, 41], "excluded_lines": []}, "update_ruleset": {"executed_lines": [], "summary": {"covered_lines": 0, "num_statements": 18, "percent_covered": 0.0, "percent_covered_display": "0.00", "missing_lines": 18, "excluded_lines": 0}, "missing_lines": [46, 47, 48, 49, 50, 52, 55, 56, 57, 58, 59, 60, 62, 63, 66, 68, 69, 70], "excluded_lines": []}, "delete_ruleset": {"executed_lines": [], "summary": {"covered_lines": 0, "num_statements": 8, "percent_covered": 0.0, "percent_covered_display": "0.00", "missing_lines": 8, "excluded_lines": 0}, "missing_lines": [75, 76, 77, 78, 79, 81, 82, 83], "excluded_lines": []}, "": {"executed_lines": [1, 2, 4, 5, 6, 8, 11, 12, 27, 28, 34, 35, 44, 45, 73, 74], "summary": {"covered_lines": 16, "num_statements": 16, "percent_covered": 100.0, "percent_covered_display": "100.00", "missing_lines": 0, "excluded_lines": 0}, "missing_lines": [], "excluded_lines": []}}, "classes": {"": {"executed_lines": [1, 2, 4, 5, 6, 8, 11, 12, 27, 28, 34, 35, 44, 45, 73, 74], "summary": {"covered_lines": 16, "num_statements": 62, "percent_covered": 25.806451612903224, "percent_covered_display": "25.81", "missing_lines": 46, "excluded_lines": 0}, "missing_lines": [13, 14, 15, 16, 17, 18, 20, 21, 22, 23, 24, 29, 30, 31, 36, 37, 38, 39, 40, 41, 46, 47, 48, 49, 50, 52, 55, 56, 57, 58, 59, 60, 62, 63, 66, 68, 69, 70, 75, 76, 77, 78, 79, 81, 82, 83], "excluded_lines": []}}}, "app/routers/api/search.py": {"executed_lines": [1, 2, 3, 5, 6, 7, 9, 12, 13], "summary": {"covered_lines": 9, "num_statements": 20, "percent_covered": 45.0, "percent_covered_display": "45.00", "missing_lines": 11, "excluded_lines": 0}, "missing_lines": [28, 31, 39, 40, 43, 45, 46, 49, 50, 51, 69], "excluded_lines": [], "functions": {"search_rules": {"executed_lines": [], "summary": {"covered_lines": 0, "num_statements": 11, "percent_covered": 0.0, "percent_covered_display": "0.00", "missing_lines": 11, "excluded_lines": 0}, "missing_lines": [28, 31, 39, 40, 43, 45, 46, 49, 50, 51, 69], "excluded_lines": []}, "": {"executed_lines": [1, 2, 3, 5, 6, 7, 9, 12, 13], "summary": {"covered_lines": 9, "num_statements": 9, "percent_covered": 100.0, "percent_covered_display": "100.00", "missing_lines": 0, "excluded_lines": 0}, "missing_lines": [], "excluded_lines": []}}, "classes": {"": {"executed_lines": [1, 2, 3, 5, 6, 7, 9, 12, 13], "summary": {"covered_lines": 9, "num_statements": 20, "percent_covered": 45.0, "percent_covered_display": "45.00", "missing_lines": 11, "excluded_lines": 0}, "missing_lines": [28, 31, 39, 40, 43, 45, 46, 49, 50, 51, 69], "excluded_lines": []}}}, "app/routers/web/__init__.py": {"executed_lines": [0], "summary": {"covered_lines": 0, "num_statements": 0, "percent_covered": 100.0, "percent_covered_display": "100.00", "missing_lines": 0, "excluded_lines": 0}, "missing_lines": [], "excluded_lines": [], "functions": {"": {"executed_lines": [], "summary": {"covered_lines": 0, "num_statements": 0, "percent_covered": 100.0, "percent_covered_display": "100.00", "missing_lines": 0, "excluded_lines": 0}, "missing_lines": [], "excluded_lines": []}}, "classes": {"": {"executed_lines": [], "summary": {"covered_lines": 0, "num_statements": 0, "percent_covered": 100.0, "percent_covered_display": "100.00", "missing_lines": 0, "excluded_lines": 0}, "missing_lines": [], "excluded_lines": []}}}, "app/routers/web/pages.py": {"executed_lines": [1, 2, 3, 4, 5, 7, 8, 9, 10, 11, 13, 14, 15, 18, 19, 20, 21, 24, 25, 34, 35, 110, 111, 132, 133, 144, 145, 158, 166, 168], "summary": {"covered_lines": 30, "num_statements": 67, "percent_covered": 44.776119402985074, "percent_covered_display": "44.78", "missing_lines": 37, "excluded_lines": 0}, "missing_lines": [26, 28, 45, 46, 49, 55, 56, 58, 59, 61, 79, 81, 83, 96, 113, 114, 117, 118, 120, 121, 129, 135, 136, 138, 169, 171, 175, 176, 177, 184, 190, 191, 192, 194, 198, 199, 206], "excluded_lines": [], "functions": {"home": {"executed_lines": [20, 21, 24, 25], "summary": {"covered_lines": 4, "num_statements": 6, "percent_covered": 66.66666666666667, "percent_covered_display": "66.67", "missing_lines": 2, "excluded_lines": 0}, "missing_lines": [26, 28], "excluded_lines": []}, "rule_card": {"executed_lines": [], "summary": {"covered_lines": 0, "num_statements": 12, "percent_covered": 0.0, "percent_covered_display": "0.00", "missing_lines": 12, "excluded_lines": 0}, "missing_lines": [45, 46, 49, 55, 56, 58, 59, 61, 79, 81, 83, 96], "excluded_lines": []}, "set_language": {"executed_lines": [], "summary": {"covered_lines": 0, "num_statements": 7, "percent_covered": 0.0, "percent_covered_display": "0.00", "missing_lines": 7, "excluded_lines": 0}, "missing_lines": [113, 114, 117, 118, 120, 121, 129], "excluded_lines": []}, "rulesets_home": {"executed_lines": [], "summary": {"covered_lines": 0, "num_statements": 3, "percent_covered": 0.0, "percent_covered_display": "0.00", "missing_lines": 3, "excluded_lines": 0}, "missing_lines": [135, 136, 138], "excluded_lines": []}, "health_check": {"executed_lines": [158, 166, 168], "summary": {"covered_lines": 3, "num_statements": 16, "percent_covered": 18.75, "percent_covered_display": "18.75", "missing_lines": 13, "excluded_lines": 0}, "missing_lines": [169, 171, 175, 176, 177, 184, 190, 191, 192, 194, 198, 199, 206], "excluded_lines": []}, "": {"executed_lines": [1, 2, 3, 4, 5, 7, 8, 9, 10, 11, 13, 14, 15, 18, 19, 34, 35, 110, 111, 132, 133, 144, 145], "summary": {"covered_lines": 23, "num_statements": 23, "percent_covered": 100.0, "percent_covered_display": "100.00", "missing_lines": 0, "excluded_lines": 0}, "missing_lines": [], "excluded_lines": []}}, "classes": {"": {"executed_lines": [1, 2, 3, 4, 5, 7, 8, 9, 10, 11, 13, 14, 15, 18, 19, 20, 21, 24, 25, 34, 35, 110, 111, 132, 133, 144, 145, 158, 166, 168], "summary": {"covered_lines": 30, "num_statements": 67, "percent_covered": 44.776119402985074, "percent_covered_display": "44.78", "missing_lines": 37, "excluded_lines": 0}, "missing_lines": [26, 28, 45, 46, 49, 55, 56, 58, 59, 61, 79, 81, 83, 96, 113, 114, 117, 118, 120, 121, 129, 135, 136, 138, 169, 171, 175, 176, 177, 184, 190, 191, 192, 194, 198, 199, 206], "excluded_lines": []}}}, "app/routers/web/search.py": {"executed_lines": [1, 2, 3, 4, 5, 7, 8, 9, 10, 11, 13, 14, 15, 18, 19], "summary": {"covered_lines": 15, "num_statements": 41, "percent_covered": 36.58536585365854, "percent_covered_display": "36.59", "missing_lines": 26, "excluded_lines": 0}, "missing_lines": [35, 36, 39, 40, 41, 42, 48, 51, 53, 56, 58, 61, 63, 64, 66, 67, 69, 70, 73, 74, 75, 77, 80, 81, 82, 98], "excluded_lines": [], "functions": {"search_rules_html": {"executed_lines": [], "summary": {"covered_lines": 0, "num_statements": 26, "percent_covered": 0.0, "percent_covered_display": "0.00", "missing_lines": 26, "excluded_lines": 0}, "missing_lines": [35, 36, 39, 40, 41, 42, 48, 51, 53, 56, 58, 61, 63, 64, 66, 67, 69, 70, 73, 74, 75, 77, 80, 81, 82, 98], "excluded_lines": []}, "": {"executed_lines": [1, 2, 3, 4, 5, 7, 8, 9, 10, 11, 13, 14, 15, 18, 19], "summary": {"covered_lines": 15, "num_statements": 15, "percent_covered": 100.0, "percent_covered_display": "100.00", "missing_lines": 0, "excluded_lines": 0}, "missing_lines": [], "excluded_lines": []}}, "classes": {"": {"executed_lines": [1, 2, 3, 4, 5, 7, 8, 9, 10, 11, 13, 14, 15, 18, 19], "summary": {"covered_lines": 15, "num_statements": 41, "percent_covered": 36.58536585365854, "percent_covered_display": "36.59", "missing_lines": 26, "excluded_lines": 0}, "missing_lines": [35, 36, 39, 40, 41, 42, 48, 51, 53, 56, 58, 61, 63, 64, 66, 67, 69, 70, 73, 74, 75, 77, 80, 81, 82, 98], "excluded_lines": []}}}, "app/schemas.py": {"executed_lines": [1, 3, 8, 10, 11, 12, 15, 16, 17, 18, 20, 22, 23, 24, 26, 29, 44, 45, 46, 48, 49, 50, 52, 53, 54, 56, 57, 58, 60, 61, 62, 64, 65, 66, 68, 70, 72, 73, 74, 76, 78, 80, 81, 82, 84, 87, 88, 91, 94, 96, 97, 100, 102, 103, 104, 105, 106, 107, 108, 109, 113, 115, 117, 118, 119, 120, 121, 123, 124, 127, 128, 130, 136, 143, 144, 145, 146, 147, 149, 150, 151, 153, 154, 155, 158, 159, 162, 163, 164, 165, 166, 169, 171, 173, 174, 175, 176, 177, 179, 180, 183, 184, 185, 186, 187, 188, 189, 190, 191, 192, 193, 194, 195, 196, 197], "summary": {"covered_lines": 115, "num_statements": 125, "percent_covered": 92.0, "percent_covered_display": "92.00", "missing_lines": 10, "excluded_lines": 0}, "missing_lines": [27, 69, 77, 85, 132, 133, 134, 138, 139, 140], "excluded_lines": [], "functions": {"RuleBase.validate_type": {"executed_lines": [26, 29, 44, 45, 46], "summary": {"covered_lines": 5, "num_statements": 6, "percent_covered": 83.33333333333333, "percent_covered_display": "83.33", "missing_lines": 1, "excluded_lines": 0}, "missing_lines": [27], "excluded_lines": []}, "RuleBase.name_en_not_empty": {"executed_lines": [52, 53, 54], "summary": {"covered_lines": 3, "num_statements": 3, "percent_covered": 100.0, "percent_covered_display": "100.00", "missing_lines": 0, "excluded_lines": 0}, "missing_lines": [], "excluded_lines": []}, "RuleBase.description_en_not_empty": {"executed_lines": [60, 61, 62], "summary": {"covered_lines": 3, "num_statements": 3, "percent_covered": 100.0, "percent_covered_display": "100.00", "missing_lines": 0, "excluded_lines": 0}, "missing_lines": [], "excluded_lines": []}, "RuleBase.name_uk_not_empty": {"executed_lines": [68, 70], "summary": {"covered_lines": 2, "num_statements": 3, "percent_covered": 66.66666666666667, "percent_covered_display": "66.67", "missing_lines": 1, "excluded_lines": 0}, "missing_lines": [69], "excluded_lines": []}, "RuleBase.description_uk_not_empty": {"executed_lines": [76, 78], "summary": {"covered_lines": 2, "num_statements": 3, "percent_covered": 66.66666666666667, "percent_covered_display": "66.67", "missing_lines": 1, "excluded_lines": 0}, "missing_lines": [77], "excluded_lines": []}, "RuleBase.validate_tags": {"executed_lines": [84, 87, 88, 91], "summary": {"covered_lines": 4, "num_statements": 5, "percent_covered": 80.0, "percent_covered_display": "80.00", "missing_lines": 1, "excluded_lines": 0}, "missing_lines": [85], "excluded_lines": []}, "Rule.get_name": {"executed_lines": [], "summary": {"covered_lines": 0, "num_statements": 3, "percent_covered": 0.0, "percent_covered_display": "0.00", "missing_lines": 3, "excluded_lines": 0}, "missing_lines": [132, 133, 134], "excluded_lines": []}, "Rule.get_description": {"executed_lines": [], "summary": {"covered_lines": 0, "num_statements": 3, "percent_covered": 0.0, "percent_covered_display": "0.00", "missing_lines": 3, "excluded_lines": 0}, "missing_lines": [138, 139, 140], "excluded_lines": []}, "RuleSetBase.name_not_empty": {"executed_lines": [153, 154, 155], "summary": {"covered_lines": 3, "num_statements": 3, "percent_covered": 100.0, "percent_covered_display": "100.00", "missing_lines": 0, "excluded_lines": 0}, "missing_lines": [], "excluded_lines": []}, "": {"executed_lines": [1, 3, 8, 10, 11, 12, 15, 16, 17, 18, 20, 22, 23, 24, 48, 49, 50, 56, 57, 58, 64, 65, 66, 72, 73, 74, 80, 81, 82, 94, 96, 97, 100, 102, 103, 104, 105, 106, 107, 108, 109, 113, 115, 117, 118, 119, 120, 121, 123, 124, 127, 128, 130, 136, 143, 144, 145, 146, 147, 149, 150, 151, 158, 159, 162, 163, 164, 165, 166, 169, 171, 173, 174, 175, 176, 177, 179, 180, 183, 184, 185, 186, 187, 188, 189, 190, 191, 192, 193, 194, 195, 196, 197], "summary": {"covered_lines": 93, "num_statements": 93, "percent_covered": 100.0, "percent_covered_display": "100.00", "missing_lines": 0, "excluded_lines": 0}, "missing_lines": [], "excluded_lines": []}}, "classes": {"RuleBase": {"executed_lines": [26, 29, 44, 45, 46, 52, 53, 54, 60, 61, 62, 68, 70, 76, 78, 84, 87, 88, 91], "summary": {"covered_lines": 19, "num_statements": 23, "percent_covered": 82.6086956521739, "percent_covered_display": "82.61", "missing_lines": 4, "excluded_lines": 0}, "missing_lines": [27, 69, 77, 85], "excluded_lines": []}, "RuleCreate": {"executed_lines": [], "summary": {"covered_lines": 0, "num_statements": 0, "percent_covered": 100.0, "percent_covered_display": "100.00", "missing_lines": 0, "excluded_lines": 0}, "missing_lines": [], "excluded_lines": []}, "RuleUpdate": {"executed_lines": [], "summary": {"covered_lines": 0, "num_statements": 0, "percent_covered": 100.0, "percent_covered_display": "100.00", "missing_lines": 0, "excluded_lines": 0}, "missing_lines": [], "excluded_lines": []}, "Rule": {"executed_lines": [], "summary": {"covered_lines": 0, "num_statements": 6, "percent_covered": 0.0, "percent_covered_display": "0.00", "missing_lines": 6, "excluded_lines": 0}, "missing_lines": [132, 133, 134, 138, 139, 140], "excluded_lines": []}, "RuleSetBase": {"executed_lines": [153, 154, 155], "summary": {"covered_lines": 3, "num_statements": 3, "percent_covered": 100.0, "percent_covered_display": "100.00", "missing_lines": 0, "excluded_lines": 0}, "missing_lines": [], "excluded_lines": []}, "RuleSetCreate": {"executed_lines": [], "summary": {"covered_lines": 0, "num_statements": 0, "percent_covered": 100.0, "percent_covered_display": "100.00", "missing_lines": 0, "excluded_lines": 0}, "missing_lines": [], "excluded_lines": []}, "RuleSetUpdate": {"executed_lines": [], "summary": {"covered_lines": 0, "num_statements": 0, "percent_covered": 100.0, "percent_covered_display": "100.00", "missing_lines": 0, "excluded_lines": 0}, "missing_lines": [], "excluded_lines": []}, "RuleSet": {"executed_lines": [], "summary": {"covered_lines": 0, "num_statements": 0, "percent_covered": 100.0, "percent_covered_display": "100.00", "missing_lines": 0, "excluded_lines": 0}, "missing_lines": [], "excluded_lines": []}, "RuleSearchResult": {"executed_lines": [], "summary": {"covered_lines": 0, "num_statements": 0, "percent_covered": 100.0, "percent_covered_display": "100.00", "missing_lines": 0, "excluded_lines": 0}, "missing_lines": [], "excluded_lines": []}, "": {"executed_lines": [1, 3, 8, 10, 11, 12, 15, 16, 17, 18, 20, 22, 23, 24, 48, 49, 50, 56, 57, 58, 64, 65, 66, 72, 73, 74, 80, 81, 82, 94, 96, 97, 100, 102, 103, 104, 105, 106, 107, 108, 109, 113, 115, 117, 118, 119, 120, 121, 123, 124, 127, 128, 130, 136, 143, 144, 145, 146, 147, 149, 150, 151, 158, 159, 162, 163, 164, 165, 166, 169, 171, 173, 174, 175, 176, 177, 179, 180, 183, 184, 185, 186, 187, 188, 189, 190, 191, 192, 193, 194, 195, 196, 197], "summary": {"covered_lines": 93, "num_statements": 93, "percent_covered": 100.0, "percent_covered_display": "100.00", "missing_lines": 0, "excluded_lines": 0}, "missing_lines": [], "excluded_lines": []}}}, "app/search_service.py": {"executed_lines": [1, 19, 20, 22, 25], "summary": {"covered_lines": 4, "num_statements": 25, "percent_covered": 16.0, "percent_covered_display": "16.00", "missing_lines": 21, "excluded_lines": 0}, "missing_lines": [54, 55, 58, 59, 60, 62, 65, 73, 76, 88, 89, 93, 94, 95, 96, 97, 98, 101, 111, 121, 123], "excluded_lines": [], "functions": {"build_fuzzy_search_query": {"executed_lines": [], "summary": {"covered_lines": 0, "num_statements": 21, "percent_covered": 0.0, "percent_covered_display": "0.00", "missing_lines": 21, "excluded_lines": 0}, "missing_lines": [54, 55, 58, 59, 60, 62, 65, 73, 76, 88, 89, 93, 94, 95, 96, 97, 98, 101, 111, 121, 123], "excluded_lines": []}, "": {"executed_lines": [1, 19, 20, 22, 25], "summary": {"covered_lines": 4, "num_statements": 4, "percent_covered": 100.0, "percent_covered_display": "100.00", "missing_lines": 0, "excluded_lines": 0}, "missing_lines": [], "excluded_lines": []}}, "classes": {"": {"executed_lines": [1, 19, 20, 22, 25], "summary": {"covered_lines": 4, "num_statements": 25, "percent_covered": 16.0, "percent_covered_display": "16.00", "missing_lines": 21, "excluded_lines": 0}, "missing_lines": [54, 55, 58, 59, 60, 62, 65, 73, 76, 88, 89, 93, 94, 95, 96, 97, 98, 101, 111, 121, 123], "excluded_lines": []}}}, "app/utils.py": {"executed_lines": [1, 3, 4, 5, 8, 9, 12, 14, 15, 18, 28, 59, 65, 67], "summary": {"covered_lines": 14, "num_statements": 14, "percent_covered": 100.0, "percent_covered_display": "100.00", "missing_lines": 0, "excluded_lines": 0}, "missing_lines": [], "excluded_lines": [], "functions": {"generate_slug": {"executed_lines": [9], "summary": {"covered_lines": 1, "num_statements": 1, "percent_covered": 100.0, "percent_covered_display": "100.00", "missing_lines": 0, "excluded_lines": 0}, "missing_lines": [], "excluded_lines": []}, "render_markdown": {"executed_lines": [14, 15, 18, 28, 59, 65, 67], "summary": {"covered_lines": 7, "num_statements": 7, "percent_covered": 100.0, "percent_covered_display": "100.00", "missing_lines": 0, "excluded_lines": 0}, "missing_lines": [], "excluded_lines": []}, "": {"executed_lines": [1, 3, 4, 5, 8, 12], "summary": {"covered_lines": 6, "num_statements": 6, "percent_covered": 100.0, "percent_covered_display": "100.00", "missing_lines": 0, "excluded_lines": 0}, "missing_lines": [], "excluded_lines": []}}, "classes": {"": {"executed_lines": [1, 3, 4, 5, 8, 9, 12, 14, 15, 18, 28, 59, 65, 67], "summary": {"covered_lines": 14, "num_statements": 14, "percent_covered": 100.0, "percent_covered_display": "100.00", "missing_lines": 0, "excluded_lines": 0}, "missing_lines": [], "excluded_lines": []}}}}, "totals": {"covered_lines": 486, "num_statements": 771, "percent_covered": 63.03501945525292, "percent_covered_display": "63.04", "missing_lines": 285, "excluded_lines": 0}}